<?xml version="1.0" encoding="UTF-8"?>
<coverage generated="1600121290590" clover="3.2.0">
  <project timestamp="1600121290590" name="All files">
    <metrics statements="62" coveredstatements="42" conditionals="22" coveredconditionals="17" methods="16" coveredmethods="10" elements="100" coveredelements="69" complexity="0" loc="62" ncloc="62" packages="4" files="4" classes="4">
      <package name="lib">
        <metrics statements="21" coveredstatements="11" conditionals="6" coveredconditionals="3" methods="5" coveredmethods="2"/>
        <file name="logger.js" path="C:\Users\wgaly\OneDrive\Desktop\Regressor\lib\logger.js">
          <metrics statements="21" coveredstatements="11" conditionals="6" coveredconditionals="3" methods="5" coveredmethods="2"/>
          <line num="3" count="1" type="stmt"/>
          <line num="6" count="1" type="stmt"/>
          <line num="8" count="1" type="stmt"/>
          <line num="10" count="1" type="stmt"/>
          <line num="12" count="1" type="cond" truecount="3" falsecount="1"/>
          <line num="14" count="1" type="stmt"/>
          <line num="15" count="0" type="cond" truecount="0" falsecount="2"/>
          <line num="16" count="0" type="stmt"/>
          <line num="17" count="0" type="stmt"/>
          <line num="18" count="0" type="stmt"/>
          <line num="21" count="1" type="stmt"/>
          <line num="23" count="20" type="stmt"/>
          <line num="24" count="20" type="stmt"/>
          <line num="25" count="20" type="stmt"/>
          <line num="28" count="0" type="stmt"/>
          <line num="29" count="0" type="stmt"/>
          <line num="30" count="0" type="stmt"/>
          <line num="33" count="0" type="stmt"/>
          <line num="34" count="0" type="stmt"/>
          <line num="35" count="0" type="stmt"/>
          <line num="38" count="1" type="stmt"/>
        </file>
      </package>
      <package name="lib.bin">
        <metrics statements="18" coveredstatements="18" conditionals="9" coveredconditionals="9" methods="4" coveredmethods="4"/>
        <file name="snapshotter.js" path="C:\Users\wgaly\OneDrive\Desktop\Regressor\lib\bin\snapshotter.js">
          <metrics statements="18" coveredstatements="18" conditionals="9" coveredconditionals="9" methods="4" coveredmethods="4"/>
          <line num="3" count="1" type="stmt"/>
          <line num="7" count="1" type="stmt"/>
          <line num="9" count="1" type="stmt"/>
          <line num="11" count="1" type="stmt"/>
          <line num="13" count="1" type="stmt"/>
          <line num="15" count="1" type="stmt"/>
          <line num="17" count="1" type="stmt"/>
          <line num="19" count="3" type="cond" truecount="4" falsecount="0"/>
          <line num="23" count="4" type="cond" truecount="2" falsecount="0"/>
          <line num="25" count="4" type="stmt"/>
          <line num="27" count="4" type="stmt"/>
          <line num="31" count="23" type="stmt"/>
          <line num="35" count="20" type="stmt"/>
          <line num="36" count="20" type="stmt"/>
          <line num="37" count="20" type="stmt"/>
          <line num="38" count="20" type="stmt"/>
          <line num="39" count="20" type="stmt"/>
          <line num="42" count="1" type="stmt"/>
        </file>
      </package>
      <package name="src">
        <metrics statements="14" coveredstatements="4" conditionals="2" coveredconditionals="0" methods="4" coveredmethods="1"/>
        <file name="logger.js" path="C:\Users\wgaly\OneDrive\Desktop\Regressor\src\logger.js">
          <metrics statements="14" coveredstatements="4" conditionals="2" coveredconditionals="0" methods="4" coveredmethods="1"/>
          <line num="3" count="1" type="stmt"/>
          <line num="4" count="0" type="cond" truecount="0" falsecount="2"/>
          <line num="5" count="0" type="stmt"/>
          <line num="6" count="0" type="stmt"/>
          <line num="7" count="0" type="stmt"/>
          <line num="12" count="20" type="stmt"/>
          <line num="13" count="20" type="stmt"/>
          <line num="14" count="20" type="stmt"/>
          <line num="17" count="0" type="stmt"/>
          <line num="18" count="0" type="stmt"/>
          <line num="19" count="0" type="stmt"/>
          <line num="22" count="0" type="stmt"/>
          <line num="23" count="0" type="stmt"/>
          <line num="24" count="0" type="stmt"/>
        </file>
      </package>
      <package name="src.bin">
        <metrics statements="9" coveredstatements="9" conditionals="5" coveredconditionals="5" methods="3" coveredmethods="3"/>
        <file name="snapshotter.js" path="C:\Users\wgaly\OneDrive\Desktop\Regressor\src\bin\snapshotter.js">
          <metrics statements="9" coveredstatements="9" conditionals="5" coveredconditionals="5" methods="3" coveredmethods="3"/>
          <line num="7" count="4" type="cond" truecount="2" falsecount="0"/>
          <line num="11" count="4" type="stmt"/>
          <line num="16" count="4" type="stmt"/>
          <line num="23" count="23" type="stmt"/>
          <line num="27" count="20" type="stmt"/>
          <line num="28" count="20" type="stmt"/>
          <line num="29" count="20" type="stmt"/>
          <line num="30" count="20" type="stmt"/>
          <line num="31" count="20" type="stmt"/>
        </file>
      </package>
    </metrics>
  </project>
</coverage>
