{"C:\\Users\\wgaly\\OneDrive\\Desktop\\Regressor\\lib\\comparer.js": {"path":"C:\\Users\\wgaly\\OneDrive\\Desktop\\Regressor\\lib\\comparer.js","statementMap":{"0":{"start":{"line":3,"column":0},"end":{"line":5,"column":3}},"1":{"start":{"line":7,"column":17},"end":{"line":7,"column":38}},"2":{"start":{"line":9,"column":18},"end":{"line":9,"column":52}},"3":{"start":{"line":11,"column":12},"end":{"line":11,"column":27}},"4":{"start":{"line":13,"column":14},"end":{"line":13,"column":33}},"5":{"start":{"line":15,"column":15},"end":{"line":15,"column":46}},"6":{"start":{"line":17,"column":39},"end":{"line":17,"column":93}},"7":{"start":{"line":19,"column":23},"end":{"line":19,"column":64}},"8":{"start":{"line":21,"column":16},"end":{"line":34,"column":2}},"9":{"start":{"line":21,"column":29},"end":{"line":34,"column":2}},"10":{"start":{"line":26,"column":2},"end":{"line":30,"column":3}},"11":{"start":{"line":27,"column":4},"end":{"line":27,"column":70}},"12":{"start":{"line":29,"column":4},"end":{"line":29,"column":71}},"13":{"start":{"line":31,"column":2},"end":{"line":31,"column":15}},"14":{"start":{"line":33,"column":2},"end":{"line":33,"column":44}},"15":{"start":{"line":36,"column":0},"end":{"line":36,"column":26}}},"fnMap":{"0":{"name":"_interopRequireDefault","decl":{"start":{"line":17,"column":9},"end":{"line":17,"column":31}},"loc":{"start":{"line":17,"column":37},"end":{"line":17,"column":95}},"line":17},"1":{"name":"(anonymous_1)","decl":{"start":{"line":21,"column":16},"end":{"line":21,"column":17}},"loc":{"start":{"line":21,"column":29},"end":{"line":34,"column":2}},"line":21},"2":{"name":"(anonymous_2)","decl":{"start":{"line":25,"column":8},"end":{"line":25,"column":9}},"loc":{"start":{"line":25,"column":17},"end":{"line":32,"column":1}},"line":25},"3":{"name":"(anonymous_3)","decl":{"start":{"line":32,"column":9},"end":{"line":32,"column":10}},"loc":{"start":{"line":32,"column":18},"end":{"line":34,"column":1}},"line":32}},"branchMap":{"0":{"loc":{"start":{"line":17,"column":46},"end":{"line":17,"column":92}},"type":"cond-expr","locations":[{"start":{"line":17,"column":70},"end":{"line":17,"column":73}},{"start":{"line":17,"column":76},"end":{"line":17,"column":92}}],"line":17},"1":{"loc":{"start":{"line":17,"column":46},"end":{"line":17,"column":67}},"type":"binary-expr","locations":[{"start":{"line":17,"column":46},"end":{"line":17,"column":49}},{"start":{"line":17,"column":53},"end":{"line":17,"column":67}}],"line":17},"2":{"loc":{"start":{"line":26,"column":2},"end":{"line":30,"column":3}},"type":"if","locations":[{"start":{"line":26,"column":2},"end":{"line":30,"column":3}},{"start":{"line":26,"column":2},"end":{"line":30,"column":3}}],"line":26}},"s":{"0":2,"1":2,"2":2,"3":2,"4":2,"5":2,"6":4,"7":2,"8":2,"9":2,"10":2,"11":1,"12":1,"13":2,"14":0,"15":2},"f":{"0":4,"1":2,"2":2,"3":0},"b":{"0":[4,0],"1":[4,4],"2":[1,1]},"_coverageSchema":"332fd63041d2c1bcb487cc26dd0d5f7d97098a6c","hash":"c425147bf6bf81c9fe46263ad4f173f0351efc06"}
,"C:\\Users\\wgaly\\OneDrive\\Desktop\\Regressor\\lib\\comparisonActions.js": {"path":"C:\\Users\\wgaly\\OneDrive\\Desktop\\Regressor\\lib\\comparisonActions.js","statementMap":{"0":{"start":{"line":3,"column":0},"end":{"line":5,"column":3}},"1":{"start":{"line":6,"column":0},"end":{"line":6,"column":129}},"2":{"start":{"line":8,"column":12},"end":{"line":8,"column":27}},"3":{"start":{"line":10,"column":13},"end":{"line":10,"column":42}},"4":{"start":{"line":12,"column":21},"end":{"line":12,"column":47}},"5":{"start":{"line":14,"column":19},"end":{"line":14,"column":43}},"6":{"start":{"line":16,"column":20},"end":{"line":16,"column":56}},"7":{"start":{"line":18,"column":33},"end":{"line":18,"column":71}},"8":{"start":{"line":20,"column":34},"end":{"line":20,"column":84}},"9":{"start":{"line":22,"column":16},"end":{"line":22,"column":37}},"10":{"start":{"line":24,"column":17},"end":{"line":24,"column":50}},"11":{"start":{"line":26,"column":39},"end":{"line":26,"column":93}},"12":{"start":{"line":28,"column":26},"end":{"line":38,"column":1}},"13":{"start":{"line":29,"column":25},"end":{"line":29,"column":83}},"14":{"start":{"line":31,"column":2},"end":{"line":35,"column":3}},"15":{"start":{"line":32,"column":4},"end":{"line":34,"column":5}},"16":{"start":{"line":33,"column":6},"end":{"line":33,"column":58}},"17":{"start":{"line":37,"column":2},"end":{"line":37,"column":86}},"18":{"start":{"line":37,"column":21},"end":{"line":37,"column":86}},"19":{"start":{"line":40,"column":26},"end":{"line":53,"column":2}},"20":{"start":{"line":40,"column":42},"end":{"line":53,"column":2}},"21":{"start":{"line":41,"column":22},"end":{"line":41,"column":24}},"22":{"start":{"line":42,"column":2},"end":{"line":42,"column":74}},"23":{"start":{"line":44,"column":2},"end":{"line":50,"column":5}},"24":{"start":{"line":45,"column":4},"end":{"line":49,"column":7}},"25":{"start":{"line":46,"column":6},"end":{"line":48,"column":7}},"26":{"start":{"line":47,"column":8},"end":{"line":47,"column":50}},"27":{"start":{"line":52,"column":2},"end":{"line":52,"column":12}},"28":{"start":{"line":55,"column":23},"end":{"line":60,"column":1}},"29":{"start":{"line":56,"column":20},"end":{"line":56,"column":65}},"30":{"start":{"line":57,"column":2},"end":{"line":59,"column":5}},"31":{"start":{"line":58,"column":4},"end":{"line":58,"column":42}},"32":{"start":{"line":62,"column":36},"end":{"line":69,"column":1}},"33":{"start":{"line":63,"column":2},"end":{"line":68,"column":3}},"34":{"start":{"line":64,"column":4},"end":{"line":64,"column":69}},"35":{"start":{"line":65,"column":4},"end":{"line":67,"column":5}},"36":{"start":{"line":66,"column":6},"end":{"line":66,"column":100}},"37":{"start":{"line":71,"column":0},"end":{"line":71,"column":46}},"38":{"start":{"line":72,"column":0},"end":{"line":72,"column":46}},"39":{"start":{"line":73,"column":0},"end":{"line":73,"column":40}},"40":{"start":{"line":74,"column":0},"end":{"line":74,"column":66}}},"fnMap":{"0":{"name":"_interopRequireDefault","decl":{"start":{"line":26,"column":9},"end":{"line":26,"column":31}},"loc":{"start":{"line":26,"column":37},"end":{"line":26,"column":95}},"line":26},"1":{"name":"(anonymous_1)","decl":{"start":{"line":28,"column":26},"end":{"line":28,"column":27}},"loc":{"start":{"line":28,"column":48},"end":{"line":38,"column":1}},"line":28},"2":{"name":"(anonymous_2)","decl":{"start":{"line":40,"column":26},"end":{"line":40,"column":27}},"loc":{"start":{"line":40,"column":42},"end":{"line":53,"column":2}},"line":40},"3":{"name":"(anonymous_3)","decl":{"start":{"line":40,"column":54},"end":{"line":40,"column":55}},"loc":{"start":{"line":40,"column":65},"end":{"line":53,"column":1}},"line":40},"4":{"name":"(anonymous_4)","decl":{"start":{"line":44,"column":22},"end":{"line":44,"column":23}},"loc":{"start":{"line":44,"column":29},"end":{"line":50,"column":3}},"line":44},"5":{"name":"(anonymous_5)","decl":{"start":{"line":45,"column":43},"end":{"line":45,"column":44}},"loc":{"start":{"line":45,"column":50},"end":{"line":49,"column":5}},"line":45},"6":{"name":"(anonymous_6)","decl":{"start":{"line":55,"column":23},"end":{"line":55,"column":24}},"loc":{"start":{"line":55,"column":39},"end":{"line":60,"column":1}},"line":55},"7":{"name":"(anonymous_7)","decl":{"start":{"line":57,"column":36},"end":{"line":57,"column":37}},"loc":{"start":{"line":57,"column":44},"end":{"line":59,"column":3}},"line":57},"8":{"name":"(anonymous_8)","decl":{"start":{"line":62,"column":36},"end":{"line":62,"column":37}},"loc":{"start":{"line":62,"column":59},"end":{"line":69,"column":1}},"line":62}},"branchMap":{"0":{"loc":{"start":{"line":26,"column":46},"end":{"line":26,"column":92}},"type":"cond-expr","locations":[{"start":{"line":26,"column":70},"end":{"line":26,"column":73}},{"start":{"line":26,"column":76},"end":{"line":26,"column":92}}],"line":26},"1":{"loc":{"start":{"line":26,"column":46},"end":{"line":26,"column":67}},"type":"binary-expr","locations":[{"start":{"line":26,"column":46},"end":{"line":26,"column":49}},{"start":{"line":26,"column":53},"end":{"line":26,"column":67}}],"line":26},"2":{"loc":{"start":{"line":32,"column":4},"end":{"line":34,"column":5}},"type":"if","locations":[{"start":{"line":32,"column":4},"end":{"line":34,"column":5}},{"start":{"line":32,"column":4},"end":{"line":34,"column":5}}],"line":32},"3":{"loc":{"start":{"line":37,"column":2},"end":{"line":37,"column":86}},"type":"if","locations":[{"start":{"line":37,"column":2},"end":{"line":37,"column":86}},{"start":{"line":37,"column":2},"end":{"line":37,"column":86}}],"line":37},"4":{"loc":{"start":{"line":46,"column":6},"end":{"line":48,"column":7}},"type":"if","locations":[{"start":{"line":46,"column":6},"end":{"line":48,"column":7}},{"start":{"line":46,"column":6},"end":{"line":48,"column":7}}],"line":46},"5":{"loc":{"start":{"line":63,"column":2},"end":{"line":68,"column":3}},"type":"if","locations":[{"start":{"line":63,"column":2},"end":{"line":68,"column":3}},{"start":{"line":63,"column":2},"end":{"line":68,"column":3}}],"line":63}},"s":{"0":1,"1":1,"2":1,"3":1,"4":1,"5":1,"6":1,"7":1,"8":1,"9":1,"10":1,"11":4,"12":1,"13":0,"14":0,"15":0,"16":0,"17":0,"18":0,"19":1,"20":2,"21":2,"22":2,"23":2,"24":6,"25":0,"26":0,"27":2,"28":1,"29":0,"30":0,"31":0,"32":1,"33":0,"34":0,"35":0,"36":0,"37":1,"38":1,"39":1,"40":1},"f":{"0":4,"1":0,"2":2,"3":2,"4":6,"5":0,"6":0,"7":0,"8":0},"b":{"0":[3,1],"1":[4,4],"2":[0,0],"3":[0,0],"4":[0,0],"5":[0,0]},"_coverageSchema":"332fd63041d2c1bcb487cc26dd0d5f7d97098a6c","hash":"a13b86d574395c9ed0f496aa7758b044a4e6c89b"}
,"C:\\Users\\wgaly\\OneDrive\\Desktop\\Regressor\\lib\\comparisonDataConstructor.js": {"path":"C:\\Users\\wgaly\\OneDrive\\Desktop\\Regressor\\lib\\comparisonDataConstructor.js","statementMap":{"0":{"start":{"line":3,"column":0},"end":{"line":5,"column":3}},"1":{"start":{"line":7,"column":14},"end":{"line":7,"column":33}},"2":{"start":{"line":9,"column":15},"end":{"line":9,"column":46}},"3":{"start":{"line":11,"column":39},"end":{"line":11,"column":93}},"4":{"start":{"line":13,"column":34},"end":{"line":41,"column":2}},"5":{"start":{"line":13,"column":50},"end":{"line":41,"column":2}},"6":{"start":{"line":14,"column":25},"end":{"line":14,"column":27}},"7":{"start":{"line":15,"column":2},"end":{"line":39,"column":5}},"8":{"start":{"line":16,"column":4},"end":{"line":16,"column":87}},"9":{"start":{"line":16,"column":29},"end":{"line":16,"column":87}},"10":{"start":{"line":17,"column":4},"end":{"line":17,"column":107}},"11":{"start":{"line":17,"column":44},"end":{"line":17,"column":60}},"12":{"start":{"line":17,"column":63},"end":{"line":17,"column":107}},"13":{"start":{"line":18,"column":4},"end":{"line":18,"column":105}},"14":{"start":{"line":18,"column":44},"end":{"line":18,"column":59}},"15":{"start":{"line":18,"column":62},"end":{"line":18,"column":105}},"16":{"start":{"line":19,"column":4},"end":{"line":19,"column":105}},"17":{"start":{"line":19,"column":44},"end":{"line":19,"column":59}},"18":{"start":{"line":19,"column":62},"end":{"line":19,"column":105}},"19":{"start":{"line":21,"column":4},"end":{"line":38,"column":7}},"20":{"start":{"line":22,"column":27},"end":{"line":22,"column":87}},"21":{"start":{"line":23,"column":25},"end":{"line":23,"column":83}},"22":{"start":{"line":24,"column":33},"end":{"line":24,"column":99}},"23":{"start":{"line":26,"column":6},"end":{"line":29,"column":7}},"24":{"start":{"line":27,"column":8},"end":{"line":27,"column":142}},"25":{"start":{"line":28,"column":8},"end":{"line":28,"column":24}},"26":{"start":{"line":31,"column":6},"end":{"line":37,"column":9}},"27":{"start":{"line":40,"column":2},"end":{"line":40,"column":26}},"28":{"start":{"line":43,"column":0},"end":{"line":43,"column":44}}},"fnMap":{"0":{"name":"_interopRequireDefault","decl":{"start":{"line":11,"column":9},"end":{"line":11,"column":31}},"loc":{"start":{"line":11,"column":37},"end":{"line":11,"column":95}},"line":11},"1":{"name":"(anonymous_1)","decl":{"start":{"line":13,"column":34},"end":{"line":13,"column":35}},"loc":{"start":{"line":13,"column":50},"end":{"line":41,"column":2}},"line":13},"2":{"name":"(anonymous_2)","decl":{"start":{"line":13,"column":62},"end":{"line":13,"column":63}},"loc":{"start":{"line":13,"column":79},"end":{"line":41,"column":1}},"line":13},"3":{"name":"(anonymous_3)","decl":{"start":{"line":15,"column":27},"end":{"line":15,"column":28}},"loc":{"start":{"line":15,"column":39},"end":{"line":39,"column":3}},"line":15},"4":{"name":"(anonymous_4)","decl":{"start":{"line":17,"column":32},"end":{"line":17,"column":33}},"loc":{"start":{"line":17,"column":44},"end":{"line":17,"column":60}},"line":17},"5":{"name":"(anonymous_5)","decl":{"start":{"line":18,"column":32},"end":{"line":18,"column":33}},"loc":{"start":{"line":18,"column":44},"end":{"line":18,"column":59}},"line":18},"6":{"name":"(anonymous_6)","decl":{"start":{"line":19,"column":32},"end":{"line":19,"column":33}},"loc":{"start":{"line":19,"column":44},"end":{"line":19,"column":59}},"line":19},"7":{"name":"(anonymous_7)","decl":{"start":{"line":21,"column":31},"end":{"line":21,"column":32}},"loc":{"start":{"line":21,"column":43},"end":{"line":38,"column":5}},"line":21}},"branchMap":{"0":{"loc":{"start":{"line":11,"column":46},"end":{"line":11,"column":92}},"type":"cond-expr","locations":[{"start":{"line":11,"column":70},"end":{"line":11,"column":73}},{"start":{"line":11,"column":76},"end":{"line":11,"column":92}}],"line":11},"1":{"loc":{"start":{"line":11,"column":46},"end":{"line":11,"column":67}},"type":"binary-expr","locations":[{"start":{"line":11,"column":46},"end":{"line":11,"column":49}},{"start":{"line":11,"column":53},"end":{"line":11,"column":67}}],"line":11},"2":{"loc":{"start":{"line":16,"column":4},"end":{"line":16,"column":87}},"type":"if","locations":[{"start":{"line":16,"column":4},"end":{"line":16,"column":87}},{"start":{"line":16,"column":4},"end":{"line":16,"column":87}}],"line":16},"3":{"loc":{"start":{"line":17,"column":4},"end":{"line":17,"column":107}},"type":"if","locations":[{"start":{"line":17,"column":4},"end":{"line":17,"column":107}},{"start":{"line":17,"column":4},"end":{"line":17,"column":107}}],"line":17},"4":{"loc":{"start":{"line":18,"column":4},"end":{"line":18,"column":105}},"type":"if","locations":[{"start":{"line":18,"column":4},"end":{"line":18,"column":105}},{"start":{"line":18,"column":4},"end":{"line":18,"column":105}}],"line":18},"5":{"loc":{"start":{"line":19,"column":4},"end":{"line":19,"column":105}},"type":"if","locations":[{"start":{"line":19,"column":4},"end":{"line":19,"column":105}},{"start":{"line":19,"column":4},"end":{"line":19,"column":105}}],"line":19},"6":{"loc":{"start":{"line":26,"column":6},"end":{"line":29,"column":7}},"type":"if","locations":[{"start":{"line":26,"column":6},"end":{"line":29,"column":7}},{"start":{"line":26,"column":6},"end":{"line":29,"column":7}}],"line":26},"7":{"loc":{"start":{"line":26,"column":10},"end":{"line":26,"column":68}},"type":"binary-expr","locations":[{"start":{"line":26,"column":10},"end":{"line":26,"column":36}},{"start":{"line":26,"column":40},"end":{"line":26,"column":68}}],"line":26},"8":{"loc":{"start":{"line":36,"column":19},"end":{"line":36,"column":62}},"type":"cond-expr","locations":[{"start":{"line":36,"column":40},"end":{"line":36,"column":58}},{"start":{"line":36,"column":61},"end":{"line":36,"column":62}}],"line":36}},"s":{"0":2,"1":2,"2":2,"3":2,"4":2,"5":3,"6":3,"7":3,"8":3,"9":3,"10":0,"11":0,"12":0,"13":0,"14":0,"15":0,"16":0,"17":0,"18":0,"19":0,"20":0,"21":0,"22":0,"23":0,"24":0,"25":0,"26":0,"27":0,"28":2},"f":{"0":2,"1":3,"2":3,"3":3,"4":0,"5":0,"6":0,"7":0},"b":{"0":[2,0],"1":[2,2],"2":[3,0],"3":[0,0],"4":[0,0],"5":[0,0],"6":[0,0],"7":[0,0],"8":[0,0]},"_coverageSchema":"332fd63041d2c1bcb487cc26dd0d5f7d97098a6c","hash":"757765a06b5b9cb8549eb87a1f69eee8416a2315"}
,"C:\\Users\\wgaly\\OneDrive\\Desktop\\Regressor\\lib\\createDiffs.js": {"path":"C:\\Users\\wgaly\\OneDrive\\Desktop\\Regressor\\lib\\createDiffs.js","statementMap":{"0":{"start":{"line":3,"column":0},"end":{"line":5,"column":3}},"1":{"start":{"line":7,"column":17},"end":{"line":7,"column":38}},"2":{"start":{"line":9,"column":18},"end":{"line":9,"column":52}},"3":{"start":{"line":11,"column":12},"end":{"line":11,"column":27}},"4":{"start":{"line":13,"column":13},"end":{"line":13,"column":42}},"5":{"start":{"line":15,"column":14},"end":{"line":15,"column":33}},"6":{"start":{"line":17,"column":15},"end":{"line":17,"column":46}},"7":{"start":{"line":19,"column":39},"end":{"line":19,"column":93}},"8":{"start":{"line":21,"column":24},"end":{"line":39,"column":2}},"9":{"start":{"line":21,"column":37},"end":{"line":39,"column":2}},"10":{"start":{"line":22,"column":2},"end":{"line":38,"column":5}},"11":{"start":{"line":30,"column":4},"end":{"line":34,"column":5}},"12":{"start":{"line":31,"column":6},"end":{"line":31,"column":117}},"13":{"start":{"line":32,"column":6},"end":{"line":32,"column":51}},"14":{"start":{"line":33,"column":6},"end":{"line":33,"column":20}},"15":{"start":{"line":36,"column":4},"end":{"line":36,"column":82}},"16":{"start":{"line":37,"column":4},"end":{"line":37,"column":14}},"17":{"start":{"line":41,"column":0},"end":{"line":41,"column":34}}},"fnMap":{"0":{"name":"_interopRequireDefault","decl":{"start":{"line":19,"column":9},"end":{"line":19,"column":31}},"loc":{"start":{"line":19,"column":37},"end":{"line":19,"column":95}},"line":19},"1":{"name":"(anonymous_1)","decl":{"start":{"line":21,"column":24},"end":{"line":21,"column":25}},"loc":{"start":{"line":21,"column":37},"end":{"line":39,"column":2}},"line":21},"2":{"name":"(anonymous_2)","decl":{"start":{"line":21,"column":49},"end":{"line":21,"column":50}},"loc":{"start":{"line":21,"column":70},"end":{"line":39,"column":1}},"line":21},"3":{"name":"(anonymous_3)","decl":{"start":{"line":29,"column":5},"end":{"line":29,"column":6}},"loc":{"start":{"line":29,"column":14},"end":{"line":38,"column":3}},"line":29}},"branchMap":{"0":{"loc":{"start":{"line":19,"column":46},"end":{"line":19,"column":92}},"type":"cond-expr","locations":[{"start":{"line":19,"column":70},"end":{"line":19,"column":73}},{"start":{"line":19,"column":76},"end":{"line":19,"column":92}}],"line":19},"1":{"loc":{"start":{"line":19,"column":46},"end":{"line":19,"column":67}},"type":"binary-expr","locations":[{"start":{"line":19,"column":46},"end":{"line":19,"column":49}},{"start":{"line":19,"column":53},"end":{"line":19,"column":67}}],"line":19},"2":{"loc":{"start":{"line":30,"column":4},"end":{"line":34,"column":5}},"type":"if","locations":[{"start":{"line":30,"column":4},"end":{"line":34,"column":5}},{"start":{"line":30,"column":4},"end":{"line":34,"column":5}}],"line":30}},"s":{"0":1,"1":1,"2":1,"3":1,"4":1,"5":1,"6":1,"7":3,"8":1,"9":0,"10":0,"11":0,"12":0,"13":0,"14":0,"15":0,"16":0,"17":1},"f":{"0":3,"1":0,"2":0,"3":0},"b":{"0":[2,1],"1":[3,3],"2":[0,0]},"_coverageSchema":"332fd63041d2c1bcb487cc26dd0d5f7d97098a6c","hash":"6f407d2ce965484b23b03760a97b27835650f359"}
,"C:\\Users\\wgaly\\OneDrive\\Desktop\\Regressor\\lib\\logger.js": {"path":"C:\\Users\\wgaly\\OneDrive\\Desktop\\Regressor\\lib\\logger.js","statementMap":{"0":{"start":{"line":3,"column":0},"end":{"line":5,"column":3}},"1":{"start":{"line":6,"column":0},"end":{"line":6,"column":32}},"2":{"start":{"line":8,"column":14},"end":{"line":8,"column":31}},"3":{"start":{"line":10,"column":15},"end":{"line":10,"column":46}},"4":{"start":{"line":12,"column":39},"end":{"line":12,"column":93}},"5":{"start":{"line":14,"column":20},"end":{"line":19,"column":1}},"6":{"start":{"line":15,"column":2},"end":{"line":15,"column":46}},"7":{"start":{"line":16,"column":2},"end":{"line":16,"column":43}},"8":{"start":{"line":17,"column":2},"end":{"line":17,"column":33}},"9":{"start":{"line":18,"column":2},"end":{"line":18,"column":86}},"10":{"start":{"line":21,"column":0},"end":{"line":37,"column":2}},"11":{"start":{"line":23,"column":4},"end":{"line":23,"column":45}},"12":{"start":{"line":24,"column":4},"end":{"line":24,"column":64}},"13":{"start":{"line":25,"column":4},"end":{"line":25,"column":56}},"14":{"start":{"line":28,"column":4},"end":{"line":28,"column":45}},"15":{"start":{"line":29,"column":4},"end":{"line":29,"column":50}},"16":{"start":{"line":30,"column":4},"end":{"line":30,"column":59}},"17":{"start":{"line":33,"column":4},"end":{"line":33,"column":45}},"18":{"start":{"line":34,"column":4},"end":{"line":34,"column":49}},"19":{"start":{"line":35,"column":4},"end":{"line":35,"column":59}},"20":{"start":{"line":38,"column":0},"end":{"line":38,"column":34}}},"fnMap":{"0":{"name":"_interopRequireDefault","decl":{"start":{"line":12,"column":9},"end":{"line":12,"column":31}},"loc":{"start":{"line":12,"column":37},"end":{"line":12,"column":95}},"line":12},"1":{"name":"(anonymous_1)","decl":{"start":{"line":14,"column":20},"end":{"line":14,"column":21}},"loc":{"start":{"line":14,"column":32},"end":{"line":19,"column":1}},"line":14},"2":{"name":"(anonymous_2)","decl":{"start":{"line":22,"column":8},"end":{"line":22,"column":9}},"loc":{"start":{"line":22,"column":33},"end":{"line":26,"column":3}},"line":22},"3":{"name":"(anonymous_3)","decl":{"start":{"line":27,"column":11},"end":{"line":27,"column":12}},"loc":{"start":{"line":27,"column":36},"end":{"line":31,"column":3}},"line":27},"4":{"name":"(anonymous_4)","decl":{"start":{"line":32,"column":9},"end":{"line":32,"column":10}},"loc":{"start":{"line":32,"column":36},"end":{"line":36,"column":3}},"line":32}},"branchMap":{"0":{"loc":{"start":{"line":12,"column":46},"end":{"line":12,"column":92}},"type":"cond-expr","locations":[{"start":{"line":12,"column":70},"end":{"line":12,"column":73}},{"start":{"line":12,"column":76},"end":{"line":12,"column":92}}],"line":12},"1":{"loc":{"start":{"line":12,"column":46},"end":{"line":12,"column":67}},"type":"binary-expr","locations":[{"start":{"line":12,"column":46},"end":{"line":12,"column":49}},{"start":{"line":12,"column":53},"end":{"line":12,"column":67}}],"line":12},"2":{"loc":{"start":{"line":15,"column":27},"end":{"line":15,"column":45}},"type":"binary-expr","locations":[{"start":{"line":15,"column":27},"end":{"line":15,"column":35}},{"start":{"line":15,"column":39},"end":{"line":15,"column":45}}],"line":15}},"s":{"0":9,"1":9,"2":9,"3":9,"4":9,"5":9,"6":0,"7":0,"8":0,"9":0,"10":9,"11":56,"12":56,"13":56,"14":0,"15":0,"16":0,"17":0,"18":0,"19":0,"20":9},"f":{"0":9,"1":0,"2":56,"3":0,"4":0},"b":{"0":[0,9],"1":[9,9],"2":[0,0]},"_coverageSchema":"332fd63041d2c1bcb487cc26dd0d5f7d97098a6c","hash":"4963f533cb49b9895490c1678d6806915c55109d"}
,"C:\\Users\\wgaly\\OneDrive\\Desktop\\Regressor\\lib\\remoteActions.js": {"path":"C:\\Users\\wgaly\\OneDrive\\Desktop\\Regressor\\lib\\remoteActions.js","statementMap":{"0":{"start":{"line":3,"column":0},"end":{"line":5,"column":3}},"1":{"start":{"line":6,"column":0},"end":{"line":6,"column":126}},"2":{"start":{"line":8,"column":14},"end":{"line":8,"column":32}},"3":{"start":{"line":10,"column":15},"end":{"line":10,"column":46}},"4":{"start":{"line":12,"column":10},"end":{"line":12,"column":23}},"5":{"start":{"line":14,"column":11},"end":{"line":14,"column":38}},"6":{"start":{"line":16,"column":12},"end":{"line":16,"column":27}},"7":{"start":{"line":18,"column":13},"end":{"line":18,"column":42}},"8":{"start":{"line":20,"column":14},"end":{"line":20,"column":33}},"9":{"start":{"line":22,"column":15},"end":{"line":22,"column":46}},"10":{"start":{"line":24,"column":39},"end":{"line":24,"column":93}},"11":{"start":{"line":26,"column":25},"end":{"line":32,"column":2}},"12":{"start":{"line":26,"column":42},"end":{"line":32,"column":2}},"13":{"start":{"line":27,"column":2},"end":{"line":27,"column":71}},"14":{"start":{"line":27,"column":24},"end":{"line":27,"column":71}},"15":{"start":{"line":28,"column":2},"end":{"line":28,"column":75}},"16":{"start":{"line":28,"column":26},"end":{"line":28,"column":75}},"17":{"start":{"line":29,"column":2},"end":{"line":29,"column":87}},"18":{"start":{"line":29,"column":32},"end":{"line":29,"column":87}},"19":{"start":{"line":30,"column":2},"end":{"line":30,"column":71}},"20":{"start":{"line":30,"column":24},"end":{"line":30,"column":71}},"21":{"start":{"line":31,"column":2},"end":{"line":31,"column":63}},"22":{"start":{"line":34,"column":21},"end":{"line":60,"column":1}},"23":{"start":{"line":35,"column":26},"end":{"line":35,"column":55}},"24":{"start":{"line":37,"column":2},"end":{"line":59,"column":5}},"25":{"start":{"line":38,"column":4},"end":{"line":38,"column":68}},"26":{"start":{"line":39,"column":15},"end":{"line":39,"column":40}},"27":{"start":{"line":41,"column":19},"end":{"line":47,"column":5}},"28":{"start":{"line":49,"column":4},"end":{"line":52,"column":5}},"29":{"start":{"line":50,"column":24},"end":{"line":50,"column":55}},"30":{"start":{"line":51,"column":6},"end":{"line":51,"column":44}},"31":{"start":{"line":54,"column":4},"end":{"line":58,"column":7}},"32":{"start":{"line":55,"column":6},"end":{"line":55,"column":31}},"33":{"start":{"line":55,"column":17},"end":{"line":55,"column":31}},"34":{"start":{"line":56,"column":6},"end":{"line":56,"column":76}},"35":{"start":{"line":57,"column":6},"end":{"line":57,"column":20}},"36":{"start":{"line":62,"column":20},"end":{"line":77,"column":1}},"37":{"start":{"line":63,"column":19},"end":{"line":63,"column":54}},"38":{"start":{"line":65,"column":2},"end":{"line":76,"column":5}},"39":{"start":{"line":66,"column":27},"end":{"line":66,"column":66}},"40":{"start":{"line":67,"column":21},"end":{"line":67,"column":47}},"41":{"start":{"line":68,"column":15},"end":{"line":68,"column":40}},"42":{"start":{"line":69,"column":19},"end":{"line":69,"column":75}},"43":{"start":{"line":71,"column":4},"end":{"line":75,"column":7}},"44":{"start":{"line":72,"column":6},"end":{"line":72,"column":31}},"45":{"start":{"line":72,"column":17},"end":{"line":72,"column":31}},"46":{"start":{"line":73,"column":6},"end":{"line":73,"column":54}},"47":{"start":{"line":74,"column":6},"end":{"line":74,"column":16}},"48":{"start":{"line":79,"column":19},"end":{"line":90,"column":2}},"49":{"start":{"line":79,"column":36},"end":{"line":90,"column":2}},"50":{"start":{"line":80,"column":2},"end":{"line":80,"column":66}},"51":{"start":{"line":81,"column":13},"end":{"line":81,"column":38}},"52":{"start":{"line":82,"column":17},"end":{"line":82,"column":52}},"53":{"start":{"line":84,"column":2},"end":{"line":89,"column":5}},"54":{"start":{"line":85,"column":4},"end":{"line":85,"column":29}},"55":{"start":{"line":85,"column":15},"end":{"line":85,"column":29}},"56":{"start":{"line":87,"column":28},"end":{"line":87,"column":103}},"57":{"start":{"line":87,"column":57},"end":{"line":87,"column":102}},"58":{"start":{"line":88,"column":4},"end":{"line":88,"column":29}},"59":{"start":{"line":92,"column":21},"end":{"line":135,"column":1}},"60":{"start":{"line":93,"column":19},"end":{"line":93,"column":54}},"61":{"start":{"line":95,"column":2},"end":{"line":134,"column":5}},"62":{"start":{"line":96,"column":4},"end":{"line":98,"column":7}},"63":{"start":{"line":99,"column":15},"end":{"line":99,"column":40}},"64":{"start":{"line":100,"column":18},"end":{"line":100,"column":87}},"65":{"start":{"line":100,"column":65},"end":{"line":100,"column":86}},"66":{"start":{"line":102,"column":4},"end":{"line":132,"column":5}},"67":{"start":{"line":103,"column":6},"end":{"line":103,"column":104}},"68":{"start":{"line":105,"column":6},"end":{"line":129,"column":9}},"69":{"start":{"line":106,"column":27},"end":{"line":106,"column":62}},"70":{"start":{"line":108,"column":8},"end":{"line":110,"column":11}},"71":{"start":{"line":109,"column":10},"end":{"line":109,"column":55}},"72":{"start":{"line":112,"column":28},"end":{"line":112,"column":72}},"73":{"start":{"line":114,"column":29},"end":{"line":119,"column":9}},"74":{"start":{"line":121,"column":8},"end":{"line":128,"column":11}},"75":{"start":{"line":122,"column":10},"end":{"line":124,"column":11}},"76":{"start":{"line":123,"column":12},"end":{"line":123,"column":100}},"77":{"start":{"line":125,"column":10},"end":{"line":127,"column":11}},"78":{"start":{"line":126,"column":12},"end":{"line":126,"column":91}},"79":{"start":{"line":131,"column":6},"end":{"line":131,"column":78}},"80":{"start":{"line":133,"column":4},"end":{"line":133,"column":14}},"81":{"start":{"line":137,"column":0},"end":{"line":137,"column":36}},"82":{"start":{"line":138,"column":0},"end":{"line":138,"column":34}},"83":{"start":{"line":139,"column":0},"end":{"line":139,"column":32}},"84":{"start":{"line":140,"column":0},"end":{"line":140,"column":44}},"85":{"start":{"line":141,"column":0},"end":{"line":141,"column":36}}},"fnMap":{"0":{"name":"_interopRequireDefault","decl":{"start":{"line":24,"column":9},"end":{"line":24,"column":31}},"loc":{"start":{"line":24,"column":37},"end":{"line":24,"column":95}},"line":24},"1":{"name":"(anonymous_1)","decl":{"start":{"line":26,"column":25},"end":{"line":26,"column":26}},"loc":{"start":{"line":26,"column":42},"end":{"line":32,"column":2}},"line":26},"2":{"name":"(anonymous_2)","decl":{"start":{"line":26,"column":54},"end":{"line":26,"column":55}},"loc":{"start":{"line":26,"column":75},"end":{"line":32,"column":1}},"line":26},"3":{"name":"(anonymous_3)","decl":{"start":{"line":34,"column":21},"end":{"line":34,"column":22}},"loc":{"start":{"line":34,"column":44},"end":{"line":60,"column":1}},"line":34},"4":{"name":"(anonymous_4)","decl":{"start":{"line":37,"column":14},"end":{"line":37,"column":15}},"loc":{"start":{"line":37,"column":35},"end":{"line":59,"column":3}},"line":37},"5":{"name":"(anonymous_5)","decl":{"start":{"line":54,"column":29},"end":{"line":54,"column":30}},"loc":{"start":{"line":54,"column":46},"end":{"line":58,"column":5}},"line":54},"6":{"name":"(anonymous_6)","decl":{"start":{"line":62,"column":20},"end":{"line":62,"column":21}},"loc":{"start":{"line":62,"column":54},"end":{"line":77,"column":1}},"line":62},"7":{"name":"(anonymous_7)","decl":{"start":{"line":65,"column":14},"end":{"line":65,"column":15}},"loc":{"start":{"line":65,"column":35},"end":{"line":76,"column":3}},"line":65},"8":{"name":"(anonymous_8)","decl":{"start":{"line":71,"column":25},"end":{"line":71,"column":26}},"loc":{"start":{"line":71,"column":42},"end":{"line":75,"column":5}},"line":71},"9":{"name":"(anonymous_9)","decl":{"start":{"line":79,"column":19},"end":{"line":79,"column":20}},"loc":{"start":{"line":79,"column":36},"end":{"line":90,"column":2}},"line":79},"10":{"name":"(anonymous_10)","decl":{"start":{"line":79,"column":48},"end":{"line":79,"column":49}},"loc":{"start":{"line":79,"column":69},"end":{"line":90,"column":1}},"line":79},"11":{"name":"(anonymous_11)","decl":{"start":{"line":84,"column":27},"end":{"line":84,"column":28}},"loc":{"start":{"line":84,"column":44},"end":{"line":89,"column":3}},"line":84},"12":{"name":"(anonymous_12)","decl":{"start":{"line":87,"column":49},"end":{"line":87,"column":50}},"loc":{"start":{"line":87,"column":57},"end":{"line":87,"column":102}},"line":87},"13":{"name":"(anonymous_13)","decl":{"start":{"line":92,"column":21},"end":{"line":92,"column":22}},"loc":{"start":{"line":92,"column":44},"end":{"line":135,"column":1}},"line":92},"14":{"name":"(anonymous_14)","decl":{"start":{"line":95,"column":14},"end":{"line":95,"column":15}},"loc":{"start":{"line":95,"column":25},"end":{"line":134,"column":3}},"line":95},"15":{"name":"(anonymous_15)","decl":{"start":{"line":100,"column":57},"end":{"line":100,"column":58}},"loc":{"start":{"line":100,"column":65},"end":{"line":100,"column":86}},"line":100},"16":{"name":"(anonymous_16)","decl":{"start":{"line":105,"column":20},"end":{"line":105,"column":21}},"loc":{"start":{"line":105,"column":28},"end":{"line":129,"column":7}},"line":105},"17":{"name":"(anonymous_17)","decl":{"start":{"line":108,"column":31},"end":{"line":108,"column":32}},"loc":{"start":{"line":108,"column":38},"end":{"line":110,"column":9}},"line":108},"18":{"name":"(anonymous_18)","decl":{"start":{"line":121,"column":35},"end":{"line":121,"column":36}},"loc":{"start":{"line":121,"column":50},"end":{"line":128,"column":9}},"line":121}},"branchMap":{"0":{"loc":{"start":{"line":24,"column":46},"end":{"line":24,"column":92}},"type":"cond-expr","locations":[{"start":{"line":24,"column":70},"end":{"line":24,"column":73}},{"start":{"line":24,"column":76},"end":{"line":24,"column":92}}],"line":24},"1":{"loc":{"start":{"line":24,"column":46},"end":{"line":24,"column":67}},"type":"binary-expr","locations":[{"start":{"line":24,"column":46},"end":{"line":24,"column":49}},{"start":{"line":24,"column":53},"end":{"line":24,"column":67}}],"line":24},"2":{"loc":{"start":{"line":27,"column":2},"end":{"line":27,"column":71}},"type":"if","locations":[{"start":{"line":27,"column":2},"end":{"line":27,"column":71}},{"start":{"line":27,"column":2},"end":{"line":27,"column":71}}],"line":27},"3":{"loc":{"start":{"line":28,"column":2},"end":{"line":28,"column":75}},"type":"if","locations":[{"start":{"line":28,"column":2},"end":{"line":28,"column":75}},{"start":{"line":28,"column":2},"end":{"line":28,"column":75}}],"line":28},"4":{"loc":{"start":{"line":29,"column":2},"end":{"line":29,"column":87}},"type":"if","locations":[{"start":{"line":29,"column":2},"end":{"line":29,"column":87}},{"start":{"line":29,"column":2},"end":{"line":29,"column":87}}],"line":29},"5":{"loc":{"start":{"line":30,"column":2},"end":{"line":30,"column":71}},"type":"if","locations":[{"start":{"line":30,"column":2},"end":{"line":30,"column":71}},{"start":{"line":30,"column":2},"end":{"line":30,"column":71}}],"line":30},"6":{"loc":{"start":{"line":55,"column":6},"end":{"line":55,"column":31}},"type":"if","locations":[{"start":{"line":55,"column":6},"end":{"line":55,"column":31}},{"start":{"line":55,"column":6},"end":{"line":55,"column":31}}],"line":55},"7":{"loc":{"start":{"line":72,"column":6},"end":{"line":72,"column":31}},"type":"if","locations":[{"start":{"line":72,"column":6},"end":{"line":72,"column":31}},{"start":{"line":72,"column":6},"end":{"line":72,"column":31}}],"line":72},"8":{"loc":{"start":{"line":85,"column":4},"end":{"line":85,"column":29}},"type":"if","locations":[{"start":{"line":85,"column":4},"end":{"line":85,"column":29}},{"start":{"line":85,"column":4},"end":{"line":85,"column":29}}],"line":85},"9":{"loc":{"start":{"line":102,"column":4},"end":{"line":132,"column":5}},"type":"if","locations":[{"start":{"line":102,"column":4},"end":{"line":132,"column":5}},{"start":{"line":102,"column":4},"end":{"line":132,"column":5}}],"line":102},"10":{"loc":{"start":{"line":112,"column":28},"end":{"line":112,"column":72}},"type":"cond-expr","locations":[{"start":{"line":112,"column":47},"end":{"line":112,"column":58}},{"start":{"line":112,"column":61},"end":{"line":112,"column":72}}],"line":112},"11":{"loc":{"start":{"line":122,"column":10},"end":{"line":124,"column":11}},"type":"if","locations":[{"start":{"line":122,"column":10},"end":{"line":124,"column":11}},{"start":{"line":122,"column":10},"end":{"line":124,"column":11}}],"line":122},"12":{"loc":{"start":{"line":125,"column":10},"end":{"line":127,"column":11}},"type":"if","locations":[{"start":{"line":125,"column":10},"end":{"line":127,"column":11}},{"start":{"line":125,"column":10},"end":{"line":127,"column":11}}],"line":125}},"s":{"0":2,"1":2,"2":2,"3":2,"4":2,"5":2,"6":2,"7":2,"8":2,"9":2,"10":8,"11":2,"12":2,"13":2,"14":1,"15":2,"16":0,"17":2,"18":0,"19":2,"20":0,"21":2,"22":2,"23":0,"24":0,"25":0,"26":0,"27":0,"28":0,"29":0,"30":0,"31":0,"32":0,"33":0,"34":0,"35":0,"36":2,"37":0,"38":0,"39":0,"40":0,"41":0,"42":0,"43":0,"44":0,"45":0,"46":0,"47":0,"48":2,"49":0,"50":0,"51":0,"52":0,"53":0,"54":0,"55":0,"56":0,"57":0,"58":0,"59":2,"60":0,"61":0,"62":0,"63":0,"64":0,"65":0,"66":0,"67":0,"68":0,"69":0,"70":0,"71":0,"72":0,"73":0,"74":0,"75":0,"76":0,"77":0,"78":0,"79":0,"80":0,"81":2,"82":2,"83":2,"84":2,"85":2},"f":{"0":8,"1":2,"2":2,"3":0,"4":0,"5":0,"6":0,"7":0,"8":0,"9":0,"10":0,"11":0,"12":0,"13":0,"14":0,"15":0,"16":0,"17":0,"18":0},"b":{"0":[3,5],"1":[8,8],"2":[1,1],"3":[0,2],"4":[0,2],"5":[0,2],"6":[0,0],"7":[0,0],"8":[0,0],"9":[0,0],"10":[0,0],"11":[0,0],"12":[0,0]},"_coverageSchema":"332fd63041d2c1bcb487cc26dd0d5f7d97098a6c","hash":"b99c7ebb2f1e46fbde6e3e1abd60140d7b8191e6"}
,"C:\\Users\\wgaly\\OneDrive\\Desktop\\Regressor\\lib\\reporter.js": {"path":"C:\\Users\\wgaly\\OneDrive\\Desktop\\Regressor\\lib\\reporter.js","statementMap":{"0":{"start":{"line":3,"column":0},"end":{"line":5,"column":3}},"1":{"start":{"line":7,"column":14},"end":{"line":7,"column":33}},"2":{"start":{"line":9,"column":15},"end":{"line":9,"column":46}},"3":{"start":{"line":11,"column":39},"end":{"line":11,"column":93}},"4":{"start":{"line":15,"column":4},"end":{"line":24,"column":6}},"5":{"start":{"line":28,"column":4},"end":{"line":28,"column":23}},"6":{"start":{"line":32,"column":4},"end":{"line":32,"column":57}},"7":{"start":{"line":32,"column":23},"end":{"line":32,"column":57}},"8":{"start":{"line":33,"column":4},"end":{"line":33,"column":51}},"9":{"start":{"line":34,"column":4},"end":{"line":34,"column":30}},"10":{"start":{"line":38,"column":4},"end":{"line":38,"column":57}},"11":{"start":{"line":38,"column":23},"end":{"line":38,"column":57}},"12":{"start":{"line":39,"column":4},"end":{"line":39,"column":51}},"13":{"start":{"line":40,"column":4},"end":{"line":40,"column":30}},"14":{"start":{"line":44,"column":4},"end":{"line":44,"column":26}},"15":{"start":{"line":45,"column":21},"end":{"line":45,"column":57}},"16":{"start":{"line":46,"column":4},"end":{"line":46,"column":27}},"17":{"start":{"line":50,"column":4},"end":{"line":56,"column":15}},"18":{"start":{"line":58,"column":4},"end":{"line":61,"column":5}},"19":{"start":{"line":59,"column":6},"end":{"line":59,"column":61}},"20":{"start":{"line":60,"column":6},"end":{"line":60,"column":99}},"21":{"start":{"line":60,"column":54},"end":{"line":60,"column":97}},"22":{"start":{"line":64,"column":0},"end":{"line":64,"column":27}}},"fnMap":{"0":{"name":"_interopRequireDefault","decl":{"start":{"line":11,"column":9},"end":{"line":11,"column":31}},"loc":{"start":{"line":11,"column":37},"end":{"line":11,"column":95}},"line":11},"1":{"name":"(anonymous_1)","decl":{"start":{"line":14,"column":2},"end":{"line":14,"column":3}},"loc":{"start":{"line":14,"column":16},"end":{"line":25,"column":3}},"line":14},"2":{"name":"(anonymous_2)","decl":{"start":{"line":27,"column":2},"end":{"line":27,"column":3}},"loc":{"start":{"line":27,"column":14},"end":{"line":29,"column":3}},"line":27},"3":{"name":"(anonymous_3)","decl":{"start":{"line":31,"column":2},"end":{"line":31,"column":3}},"loc":{"start":{"line":31,"column":21},"end":{"line":35,"column":3}},"line":31},"4":{"name":"(anonymous_4)","decl":{"start":{"line":37,"column":2},"end":{"line":37,"column":3}},"loc":{"start":{"line":37,"column":21},"end":{"line":41,"column":3}},"line":37},"5":{"name":"(anonymous_5)","decl":{"start":{"line":43,"column":2},"end":{"line":43,"column":3}},"loc":{"start":{"line":43,"column":9},"end":{"line":47,"column":3}},"line":43},"6":{"name":"(anonymous_6)","decl":{"start":{"line":49,"column":2},"end":{"line":49,"column":3}},"loc":{"start":{"line":49,"column":19},"end":{"line":62,"column":3}},"line":49},"7":{"name":"(anonymous_7)","decl":{"start":{"line":60,"column":42},"end":{"line":60,"column":43}},"loc":{"start":{"line":60,"column":54},"end":{"line":60,"column":97}},"line":60}},"branchMap":{"0":{"loc":{"start":{"line":11,"column":46},"end":{"line":11,"column":92}},"type":"cond-expr","locations":[{"start":{"line":11,"column":70},"end":{"line":11,"column":73}},{"start":{"line":11,"column":76},"end":{"line":11,"column":92}}],"line":11},"1":{"loc":{"start":{"line":11,"column":46},"end":{"line":11,"column":67}},"type":"binary-expr","locations":[{"start":{"line":11,"column":46},"end":{"line":11,"column":49}},{"start":{"line":11,"column":53},"end":{"line":11,"column":67}}],"line":11},"2":{"loc":{"start":{"line":32,"column":4},"end":{"line":32,"column":57}},"type":"if","locations":[{"start":{"line":32,"column":4},"end":{"line":32,"column":57}},{"start":{"line":32,"column":4},"end":{"line":32,"column":57}}],"line":32},"3":{"loc":{"start":{"line":38,"column":4},"end":{"line":38,"column":57}},"type":"if","locations":[{"start":{"line":38,"column":4},"end":{"line":38,"column":57}},{"start":{"line":38,"column":4},"end":{"line":38,"column":57}}],"line":38},"4":{"loc":{"start":{"line":45,"column":21},"end":{"line":45,"column":57}},"type":"cond-expr","locations":[{"start":{"line":45,"column":52},"end":{"line":45,"column":53}},{"start":{"line":45,"column":56},"end":{"line":45,"column":57}}],"line":45},"5":{"loc":{"start":{"line":58,"column":4},"end":{"line":61,"column":5}},"type":"if","locations":[{"start":{"line":58,"column":4},"end":{"line":61,"column":5}},{"start":{"line":58,"column":4},"end":{"line":61,"column":5}}],"line":58}},"s":{"0":1,"1":1,"2":1,"3":1,"4":6,"5":17,"6":3,"7":1,"8":2,"9":2,"10":3,"11":1,"12":2,"13":2,"14":2,"15":2,"16":2,"17":2,"18":2,"19":1,"20":1,"21":1,"22":1},"f":{"0":1,"1":6,"2":17,"3":3,"4":3,"5":2,"6":2,"7":1},"b":{"0":[1,0],"1":[1,1],"2":[1,2],"3":[1,2],"4":[1,1],"5":[1,1]},"_coverageSchema":"332fd63041d2c1bcb487cc26dd0d5f7d97098a6c","hash":"4e16731d45123c9ddb08c6abc77ccacc8af0c20d"}
,"C:\\Users\\wgaly\\OneDrive\\Desktop\\Regressor\\lib\\snapshotter.js": {"path":"C:\\Users\\wgaly\\OneDrive\\Desktop\\Regressor\\lib\\snapshotter.js","statementMap":{"0":{"start":{"line":3,"column":0},"end":{"line":5,"column":3}},"1":{"start":{"line":7,"column":25},"end":{"line":7,"column":54}},"2":{"start":{"line":9,"column":26},"end":{"line":9,"column":68}},"3":{"start":{"line":11,"column":10},"end":{"line":11,"column":23}},"4":{"start":{"line":13,"column":11},"end":{"line":13,"column":38}},"5":{"start":{"line":15,"column":14},"end":{"line":15,"column":33}},"6":{"start":{"line":17,"column":15},"end":{"line":17,"column":46}},"7":{"start":{"line":19,"column":39},"end":{"line":19,"column":93}},"8":{"start":{"line":36,"column":4},"end":{"line":36,"column":24}},"9":{"start":{"line":37,"column":4},"end":{"line":37,"column":26}},"10":{"start":{"line":38,"column":4},"end":{"line":38,"column":28}},"11":{"start":{"line":39,"column":4},"end":{"line":39,"column":32}},"12":{"start":{"line":40,"column":4},"end":{"line":40,"column":24}},"13":{"start":{"line":41,"column":4},"end":{"line":41,"column":26}},"14":{"start":{"line":42,"column":4},"end":{"line":42,"column":28}},"15":{"start":{"line":43,"column":4},"end":{"line":43,"column":28}},"16":{"start":{"line":44,"column":4},"end":{"line":44,"column":44}},"17":{"start":{"line":45,"column":4},"end":{"line":45,"column":44}},"18":{"start":{"line":46,"column":4},"end":{"line":46,"column":20}},"19":{"start":{"line":47,"column":4},"end":{"line":47,"column":40}},"20":{"start":{"line":49,"column":30},"end":{"line":49,"column":157}},"21":{"start":{"line":51,"column":4},"end":{"line":51,"column":128}},"22":{"start":{"line":53,"column":4},"end":{"line":53,"column":62}},"23":{"start":{"line":57,"column":4},"end":{"line":57,"column":24}},"24":{"start":{"line":61,"column":4},"end":{"line":65,"column":5}},"25":{"start":{"line":62,"column":21},"end":{"line":62,"column":106}},"26":{"start":{"line":64,"column":6},"end":{"line":64,"column":46}},"27":{"start":{"line":69,"column":4},"end":{"line":102,"column":5}},"28":{"start":{"line":70,"column":22},"end":{"line":70,"column":27}},"29":{"start":{"line":71,"column":6},"end":{"line":71,"column":105}},"30":{"start":{"line":72,"column":6},"end":{"line":72,"column":39}},"31":{"start":{"line":74,"column":6},"end":{"line":82,"column":7}},"32":{"start":{"line":75,"column":8},"end":{"line":79,"column":9}},"33":{"start":{"line":76,"column":34},"end":{"line":76,"column":50}},"34":{"start":{"line":78,"column":10},"end":{"line":78,"column":64}},"35":{"start":{"line":81,"column":8},"end":{"line":81,"column":41}},"36":{"start":{"line":84,"column":6},"end":{"line":86,"column":7}},"37":{"start":{"line":85,"column":8},"end":{"line":85,"column":40}},"38":{"start":{"line":88,"column":6},"end":{"line":96,"column":7}},"39":{"start":{"line":89,"column":24},"end":{"line":89,"column":103}},"40":{"start":{"line":91,"column":8},"end":{"line":95,"column":9}},"41":{"start":{"line":92,"column":10},"end":{"line":92,"column":94}},"42":{"start":{"line":94,"column":10},"end":{"line":94,"column":131}},"43":{"start":{"line":98,"column":25},"end":{"line":98,"column":59}},"44":{"start":{"line":99,"column":6},"end":{"line":99,"column":116}},"45":{"start":{"line":101,"column":6},"end":{"line":101,"column":31}},"46":{"start":{"line":105,"column":0},"end":{"line":105,"column":30}}},"fnMap":{"0":{"name":"_interopRequireDefault","decl":{"start":{"line":19,"column":9},"end":{"line":19,"column":31}},"loc":{"start":{"line":19,"column":37},"end":{"line":19,"column":95}},"line":19},"1":{"name":"(anonymous_1)","decl":{"start":{"line":22,"column":2},"end":{"line":22,"column":3}},"loc":{"start":{"line":35,"column":5},"end":{"line":54,"column":3}},"line":35},"2":{"name":"(anonymous_2)","decl":{"start":{"line":56,"column":2},"end":{"line":56,"column":3}},"loc":{"start":{"line":56,"column":15},"end":{"line":58,"column":3}},"line":56},"3":{"name":"(anonymous_3)","decl":{"start":{"line":60,"column":2},"end":{"line":60,"column":3}},"loc":{"start":{"line":60,"column":29},"end":{"line":66,"column":3}},"line":60},"4":{"name":"(anonymous_4)","decl":{"start":{"line":68,"column":2},"end":{"line":68,"column":3}},"loc":{"start":{"line":68,"column":19},"end":{"line":103,"column":3}},"line":68}},"branchMap":{"0":{"loc":{"start":{"line":19,"column":46},"end":{"line":19,"column":92}},"type":"cond-expr","locations":[{"start":{"line":19,"column":70},"end":{"line":19,"column":73}},{"start":{"line":19,"column":76},"end":{"line":19,"column":92}}],"line":19},"1":{"loc":{"start":{"line":19,"column":46},"end":{"line":19,"column":67}},"type":"binary-expr","locations":[{"start":{"line":19,"column":46},"end":{"line":19,"column":49}},{"start":{"line":19,"column":53},"end":{"line":19,"column":67}}],"line":19},"2":{"loc":{"start":{"line":27,"column":4},"end":{"line":27,"column":15}},"type":"default-arg","locations":[{"start":{"line":27,"column":12},"end":{"line":27,"column":15}}],"line":27},"3":{"loc":{"start":{"line":28,"column":4},"end":{"line":28,"column":17}},"type":"default-arg","locations":[{"start":{"line":28,"column":13},"end":{"line":28,"column":17}}],"line":28},"4":{"loc":{"start":{"line":29,"column":4},"end":{"line":29,"column":22}},"type":"default-arg","locations":[{"start":{"line":29,"column":14},"end":{"line":29,"column":22}}],"line":29},"5":{"loc":{"start":{"line":49,"column":30},"end":{"line":49,"column":157}},"type":"cond-expr","locations":[{"start":{"line":49,"column":59},"end":{"line":49,"column":106}},{"start":{"line":49,"column":109},"end":{"line":49,"column":157}}],"line":49},"6":{"loc":{"start":{"line":74,"column":6},"end":{"line":82,"column":7}},"type":"if","locations":[{"start":{"line":74,"column":6},"end":{"line":82,"column":7}},{"start":{"line":74,"column":6},"end":{"line":82,"column":7}}],"line":74},"7":{"loc":{"start":{"line":84,"column":6},"end":{"line":86,"column":7}},"type":"if","locations":[{"start":{"line":84,"column":6},"end":{"line":86,"column":7}},{"start":{"line":84,"column":6},"end":{"line":86,"column":7}}],"line":84},"8":{"loc":{"start":{"line":88,"column":6},"end":{"line":96,"column":7}},"type":"if","locations":[{"start":{"line":88,"column":6},"end":{"line":96,"column":7}},{"start":{"line":88,"column":6},"end":{"line":96,"column":7}}],"line":88}},"s":{"0":2,"1":2,"2":2,"3":2,"4":2,"5":2,"6":2,"7":6,"8":8,"9":8,"10":8,"11":8,"12":8,"13":8,"14":8,"15":8,"16":8,"17":8,"18":8,"19":8,"20":8,"21":8,"22":8,"23":126,"24":0,"25":0,"26":0,"27":40,"28":40,"29":40,"30":40,"31":40,"32":0,"33":0,"34":0,"35":0,"36":40,"37":0,"38":40,"39":0,"40":0,"41":0,"42":0,"43":40,"44":40,"45":40,"46":2},"f":{"0":6,"1":8,"2":126,"3":0,"4":40},"b":{"0":[4,2],"1":[6,6],"2":[8],"3":[8],"4":[4],"5":[6,2],"6":[0,40],"7":[0,40],"8":[0,40]},"_coverageSchema":"332fd63041d2c1bcb487cc26dd0d5f7d97098a6c","hash":"7b0f9f826d099458a4c9588768e48864bbc090e0"}
,"C:\\Users\\wgaly\\OneDrive\\Desktop\\Regressor\\lib\\update-baseline-shots.js": {"path":"C:\\Users\\wgaly\\OneDrive\\Desktop\\Regressor\\lib\\update-baseline-shots.js","statementMap":{"0":{"start":{"line":3,"column":0},"end":{"line":5,"column":3}},"1":{"start":{"line":7,"column":12},"end":{"line":7,"column":27}},"2":{"start":{"line":9,"column":13},"end":{"line":9,"column":42}},"3":{"start":{"line":11,"column":14},"end":{"line":11,"column":33}},"4":{"start":{"line":13,"column":15},"end":{"line":13,"column":46}},"5":{"start":{"line":15,"column":39},"end":{"line":15,"column":93}},"6":{"start":{"line":17,"column":0},"end":{"line":37,"column":3}},"7":{"start":{"line":17,"column":34},"end":{"line":37,"column":2}},"8":{"start":{"line":18,"column":4},"end":{"line":18,"column":78}},"9":{"start":{"line":18,"column":26},"end":{"line":18,"column":78}},"10":{"start":{"line":19,"column":4},"end":{"line":19,"column":83}},"11":{"start":{"line":19,"column":24},"end":{"line":19,"column":83}},"12":{"start":{"line":21,"column":20},"end":{"line":21,"column":57}},"13":{"start":{"line":22,"column":24},"end":{"line":22,"column":47}},"14":{"start":{"line":23,"column":4},"end":{"line":23,"column":80}},"15":{"start":{"line":23,"column":34},"end":{"line":23,"column":80}},"16":{"start":{"line":25,"column":4},"end":{"line":25,"column":119}},"17":{"start":{"line":27,"column":4},"end":{"line":32,"column":5}},"18":{"start":{"line":28,"column":20},"end":{"line":28,"column":67}},"19":{"start":{"line":29,"column":28},"end":{"line":29,"column":83}},"20":{"start":{"line":31,"column":8},"end":{"line":31,"column":42}},"21":{"start":{"line":34,"column":4},"end":{"line":34,"column":81}},"22":{"start":{"line":36,"column":4},"end":{"line":36,"column":14}}},"fnMap":{"0":{"name":"_interopRequireDefault","decl":{"start":{"line":15,"column":9},"end":{"line":15,"column":31}},"loc":{"start":{"line":15,"column":37},"end":{"line":15,"column":95}},"line":15},"1":{"name":"(anonymous_1)","decl":{"start":{"line":17,"column":18},"end":{"line":17,"column":19}},"loc":{"start":{"line":17,"column":34},"end":{"line":37,"column":2}},"line":17},"2":{"name":"(anonymous_2)","decl":{"start":{"line":17,"column":46},"end":{"line":17,"column":47}},"loc":{"start":{"line":17,"column":67},"end":{"line":37,"column":1}},"line":17}},"branchMap":{"0":{"loc":{"start":{"line":15,"column":46},"end":{"line":15,"column":92}},"type":"cond-expr","locations":[{"start":{"line":15,"column":70},"end":{"line":15,"column":73}},{"start":{"line":15,"column":76},"end":{"line":15,"column":92}}],"line":15},"1":{"loc":{"start":{"line":15,"column":46},"end":{"line":15,"column":67}},"type":"binary-expr","locations":[{"start":{"line":15,"column":46},"end":{"line":15,"column":49}},{"start":{"line":15,"column":53},"end":{"line":15,"column":67}}],"line":15},"2":{"loc":{"start":{"line":18,"column":4},"end":{"line":18,"column":78}},"type":"if","locations":[{"start":{"line":18,"column":4},"end":{"line":18,"column":78}},{"start":{"line":18,"column":4},"end":{"line":18,"column":78}}],"line":18},"3":{"loc":{"start":{"line":19,"column":4},"end":{"line":19,"column":83}},"type":"if","locations":[{"start":{"line":19,"column":4},"end":{"line":19,"column":83}},{"start":{"line":19,"column":4},"end":{"line":19,"column":83}}],"line":19},"4":{"loc":{"start":{"line":23,"column":4},"end":{"line":23,"column":80}},"type":"if","locations":[{"start":{"line":23,"column":4},"end":{"line":23,"column":80}},{"start":{"line":23,"column":4},"end":{"line":23,"column":80}}],"line":23}},"s":{"0":1,"1":1,"2":1,"3":1,"4":1,"5":2,"6":1,"7":4,"8":4,"9":1,"10":4,"11":1,"12":4,"13":3,"14":3,"15":1,"16":3,"17":3,"18":7,"19":7,"20":6,"21":2,"22":2},"f":{"0":2,"1":4,"2":4},"b":{"0":[1,1],"1":[2,2],"2":[1,3],"3":[1,3],"4":[1,2]},"_coverageSchema":"332fd63041d2c1bcb487cc26dd0d5f7d97098a6c","hash":"a394e0b1858de96ea36bd485f37624607ea8424e"}
,"C:\\Users\\wgaly\\OneDrive\\Desktop\\Regressor\\lib\\updateBaselineShots.js": {"path":"C:\\Users\\wgaly\\OneDrive\\Desktop\\Regressor\\lib\\updateBaselineShots.js","statementMap":{"0":{"start":{"line":3,"column":0},"end":{"line":5,"column":3}},"1":{"start":{"line":7,"column":12},"end":{"line":7,"column":27}},"2":{"start":{"line":9,"column":13},"end":{"line":9,"column":42}},"3":{"start":{"line":11,"column":14},"end":{"line":11,"column":33}},"4":{"start":{"line":13,"column":15},"end":{"line":13,"column":46}},"5":{"start":{"line":15,"column":39},"end":{"line":15,"column":93}},"6":{"start":{"line":17,"column":0},"end":{"line":37,"column":3}},"7":{"start":{"line":17,"column":34},"end":{"line":37,"column":2}},"8":{"start":{"line":18,"column":4},"end":{"line":18,"column":78}},"9":{"start":{"line":18,"column":26},"end":{"line":18,"column":78}},"10":{"start":{"line":19,"column":4},"end":{"line":19,"column":83}},"11":{"start":{"line":19,"column":24},"end":{"line":19,"column":83}},"12":{"start":{"line":21,"column":20},"end":{"line":21,"column":57}},"13":{"start":{"line":22,"column":24},"end":{"line":22,"column":47}},"14":{"start":{"line":23,"column":4},"end":{"line":23,"column":80}},"15":{"start":{"line":23,"column":34},"end":{"line":23,"column":80}},"16":{"start":{"line":25,"column":4},"end":{"line":25,"column":119}},"17":{"start":{"line":27,"column":4},"end":{"line":32,"column":5}},"18":{"start":{"line":28,"column":20},"end":{"line":28,"column":67}},"19":{"start":{"line":29,"column":28},"end":{"line":29,"column":83}},"20":{"start":{"line":31,"column":8},"end":{"line":31,"column":42}},"21":{"start":{"line":34,"column":4},"end":{"line":34,"column":81}},"22":{"start":{"line":36,"column":4},"end":{"line":36,"column":14}}},"fnMap":{"0":{"name":"_interopRequireDefault","decl":{"start":{"line":15,"column":9},"end":{"line":15,"column":31}},"loc":{"start":{"line":15,"column":37},"end":{"line":15,"column":95}},"line":15},"1":{"name":"(anonymous_1)","decl":{"start":{"line":17,"column":18},"end":{"line":17,"column":19}},"loc":{"start":{"line":17,"column":34},"end":{"line":37,"column":2}},"line":17},"2":{"name":"(anonymous_2)","decl":{"start":{"line":17,"column":46},"end":{"line":17,"column":47}},"loc":{"start":{"line":17,"column":67},"end":{"line":37,"column":1}},"line":17}},"branchMap":{"0":{"loc":{"start":{"line":15,"column":46},"end":{"line":15,"column":92}},"type":"cond-expr","locations":[{"start":{"line":15,"column":70},"end":{"line":15,"column":73}},{"start":{"line":15,"column":76},"end":{"line":15,"column":92}}],"line":15},"1":{"loc":{"start":{"line":15,"column":46},"end":{"line":15,"column":67}},"type":"binary-expr","locations":[{"start":{"line":15,"column":46},"end":{"line":15,"column":49}},{"start":{"line":15,"column":53},"end":{"line":15,"column":67}}],"line":15},"2":{"loc":{"start":{"line":18,"column":4},"end":{"line":18,"column":78}},"type":"if","locations":[{"start":{"line":18,"column":4},"end":{"line":18,"column":78}},{"start":{"line":18,"column":4},"end":{"line":18,"column":78}}],"line":18},"3":{"loc":{"start":{"line":19,"column":4},"end":{"line":19,"column":83}},"type":"if","locations":[{"start":{"line":19,"column":4},"end":{"line":19,"column":83}},{"start":{"line":19,"column":4},"end":{"line":19,"column":83}}],"line":19},"4":{"loc":{"start":{"line":23,"column":4},"end":{"line":23,"column":80}},"type":"if","locations":[{"start":{"line":23,"column":4},"end":{"line":23,"column":80}},{"start":{"line":23,"column":4},"end":{"line":23,"column":80}}],"line":23}},"s":{"0":1,"1":1,"2":1,"3":1,"4":1,"5":2,"6":1,"7":4,"8":4,"9":1,"10":4,"11":1,"12":4,"13":3,"14":3,"15":1,"16":3,"17":3,"18":7,"19":7,"20":6,"21":2,"22":2},"f":{"0":2,"1":4,"2":4},"b":{"0":[1,1],"1":[2,2],"2":[1,3],"3":[1,3],"4":[1,2]},"_coverageSchema":"332fd63041d2c1bcb487cc26dd0d5f7d97098a6c","hash":"43c0cfd275ad15548e45a3d527e58b9923a8a6ba"}
}
