TN:
SF:C:\Users\wgaly\OneDrive\Desktop\Regressor\lib\logger.js
FN:12,_interopRequireDefault
FN:14,(anonymous_1)
FN:22,(anonymous_2)
FN:27,(anonymous_3)
FN:32,(anonymous_4)
FNF:5
FNH:2
FNDA:1,_interopRequireDefault
FNDA:0,(anonymous_1)
FNDA:20,(anonymous_2)
FNDA:0,(anonymous_3)
FNDA:0,(anonymous_4)
DA:3,1
DA:6,1
DA:8,1
DA:10,1
DA:12,1
DA:14,1
DA:15,0
DA:16,0
DA:17,0
DA:18,0
DA:21,1
DA:23,20
DA:24,20
DA:25,20
DA:28,0
DA:29,0
DA:30,0
DA:33,0
DA:34,0
DA:35,0
DA:38,1
LF:21
LH:11
BRDA:12,0,0,0
BRDA:12,0,1,1
BRDA:12,1,0,1
BRDA:12,1,1,1
BRDA:15,2,0,0
BRDA:15,2,1,0
BRF:6
BRH:3
end_of_record
TN:
SF:C:\Users\wgaly\OneDrive\Desktop\Regressor\lib\bin\snapshotter.js
FN:19,_interopRequireDefault
FN:22,(anonymous_1)
FN:30,(anonymous_2)
FN:34,(anonymous_3)
FNF:4
FNH:4
FNDA:3,_interopRequireDefault
FNDA:4,(anonymous_1)
FNDA:23,(anonymous_2)
FNDA:20,(anonymous_3)
DA:3,1
DA:7,1
DA:9,1
DA:11,1
DA:13,1
DA:15,1
DA:17,1
DA:19,3
DA:23,4
DA:25,4
DA:27,4
DA:31,23
DA:35,20
DA:36,20
DA:37,20
DA:38,20
DA:39,20
DA:42,1
LF:18
LH:18
BRDA:19,0,0,2
BRDA:19,0,1,1
BRDA:19,1,0,3
BRDA:19,1,1,3
BRDA:22,2,0,4
BRDA:22,3,0,4
BRDA:22,4,0,2
BRDA:23,5,0,3
BRDA:23,5,1,1
BRF:9
BRH:9
end_of_record
TN:
SF:C:\Users\wgaly\OneDrive\Desktop\Regressor\src\logger.js
FN:3,(anonymous_0)
FN:11,(anonymous_1)
FN:16,(anonymous_2)
FN:21,(anonymous_3)
FNF:4
FNH:1
FNDA:0,(anonymous_0)
FNDA:20,(anonymous_1)
FNDA:0,(anonymous_2)
FNDA:0,(anonymous_3)
DA:3,1
DA:4,0
DA:5,0
DA:6,0
DA:7,0
DA:12,20
DA:13,20
DA:14,20
DA:17,0
DA:18,0
DA:19,0
DA:22,0
DA:23,0
DA:24,0
LF:14
LH:4
BRDA:4,0,0,0
BRDA:4,0,1,0
BRF:2
BRH:0
end_of_record
TN:
SF:C:\Users\wgaly\OneDrive\Desktop\Regressor\src\bin\snapshotter.js
FN:6,(anonymous_0)
FN:22,(anonymous_1)
FN:26,(anonymous_2)
FNF:3
FNH:3
FNDA:4,(anonymous_0)
FNDA:23,(anonymous_1)
FNDA:20,(anonymous_2)
DA:7,4
DA:11,4
DA:16,4
DA:23,23
DA:27,20
DA:28,20
DA:29,20
DA:30,20
DA:31,20
LF:9
LH:9
BRDA:6,0,0,4
BRDA:6,1,0,4
BRDA:6,2,0,2
BRDA:7,3,0,3
BRDA:7,3,1,1
BRF:5
BRH:5
end_of_record
