TN:
SF:C:\Users\wgaly\OneDrive\Desktop\Regressor\lib\comparer.js
FN:17,_interopRequireDefault
FN:21,(anonymous_1)
FN:25,(anonymous_2)
FN:32,(anonymous_3)
FNF:4
FNH:3
FNDA:4,_interopRequireDefault
FNDA:2,(anonymous_1)
FNDA:2,(anonymous_2)
FNDA:0,(anonymous_3)
DA:3,2
DA:7,2
DA:9,2
DA:11,2
DA:13,2
DA:15,2
DA:17,4
DA:19,2
DA:21,2
DA:26,2
DA:27,1
DA:29,1
DA:31,2
DA:33,0
DA:36,2
LF:15
LH:14
BRDA:17,0,0,4
BRDA:17,0,1,0
BRDA:17,1,0,4
BRDA:17,1,1,4
BRDA:26,2,0,1
BRDA:26,2,1,1
BRF:6
BRH:5
end_of_record
TN:
SF:C:\Users\wgaly\OneDrive\Desktop\Regressor\lib\comparisonActions.js
FN:26,_interopRequireDefault
FN:28,(anonymous_1)
FN:40,(anonymous_2)
FN:40,(anonymous_3)
FN:44,(anonymous_4)
FN:45,(anonymous_5)
FN:55,(anonymous_6)
FN:57,(anonymous_7)
FN:62,(anonymous_8)
FNF:9
FNH:4
FNDA:4,_interopRequireDefault
FNDA:0,(anonymous_1)
FNDA:2,(anonymous_2)
FNDA:2,(anonymous_3)
FNDA:6,(anonymous_4)
FNDA:0,(anonymous_5)
FNDA:0,(anonymous_6)
FNDA:0,(anonymous_7)
FNDA:0,(anonymous_8)
DA:3,1
DA:6,1
DA:8,1
DA:10,1
DA:12,1
DA:14,1
DA:16,1
DA:18,1
DA:20,1
DA:22,1
DA:24,1
DA:26,4
DA:28,1
DA:29,0
DA:31,0
DA:32,0
DA:33,0
DA:37,0
DA:40,2
DA:41,2
DA:42,2
DA:44,2
DA:45,6
DA:46,0
DA:47,0
DA:52,2
DA:55,1
DA:56,0
DA:57,0
DA:58,0
DA:62,1
DA:63,0
DA:64,0
DA:65,0
DA:66,0
DA:71,1
DA:72,1
DA:73,1
DA:74,1
LF:39
LH:25
BRDA:26,0,0,3
BRDA:26,0,1,1
BRDA:26,1,0,4
BRDA:26,1,1,4
BRDA:32,2,0,0
BRDA:32,2,1,0
BRDA:37,3,0,0
BRDA:37,3,1,0
BRDA:46,4,0,0
BRDA:46,4,1,0
BRDA:63,5,0,0
BRDA:63,5,1,0
BRF:12
BRH:4
end_of_record
TN:
SF:C:\Users\wgaly\OneDrive\Desktop\Regressor\lib\comparisonDataConstructor.js
FN:11,_interopRequireDefault
FN:13,(anonymous_1)
FN:13,(anonymous_2)
FN:15,(anonymous_3)
FN:17,(anonymous_4)
FN:18,(anonymous_5)
FN:19,(anonymous_6)
FN:21,(anonymous_7)
FNF:8
FNH:4
FNDA:2,_interopRequireDefault
FNDA:3,(anonymous_1)
FNDA:3,(anonymous_2)
FNDA:3,(anonymous_3)
FNDA:0,(anonymous_4)
FNDA:0,(anonymous_5)
FNDA:0,(anonymous_6)
FNDA:0,(anonymous_7)
DA:3,2
DA:7,2
DA:9,2
DA:11,2
DA:13,3
DA:14,3
DA:15,3
DA:16,3
DA:17,0
DA:18,0
DA:19,0
DA:21,0
DA:22,0
DA:23,0
DA:24,0
DA:26,0
DA:27,0
DA:28,0
DA:31,0
DA:40,0
DA:43,2
LF:21
LH:9
BRDA:11,0,0,2
BRDA:11,0,1,0
BRDA:11,1,0,2
BRDA:11,1,1,2
BRDA:16,2,0,3
BRDA:16,2,1,0
BRDA:17,3,0,0
BRDA:17,3,1,0
BRDA:18,4,0,0
BRDA:18,4,1,0
BRDA:19,5,0,0
BRDA:19,5,1,0
BRDA:26,6,0,0
BRDA:26,6,1,0
BRDA:26,7,0,0
BRDA:26,7,1,0
BRDA:36,8,0,0
BRDA:36,8,1,0
BRF:18
BRH:4
end_of_record
TN:
SF:C:\Users\wgaly\OneDrive\Desktop\Regressor\lib\createDiffs.js
FN:19,_interopRequireDefault
FN:21,(anonymous_1)
FN:21,(anonymous_2)
FN:29,(anonymous_3)
FNF:4
FNH:1
FNDA:3,_interopRequireDefault
FNDA:0,(anonymous_1)
FNDA:0,(anonymous_2)
FNDA:0,(anonymous_3)
DA:3,1
DA:7,1
DA:9,1
DA:11,1
DA:13,1
DA:15,1
DA:17,1
DA:19,3
DA:21,1
DA:22,0
DA:30,0
DA:31,0
DA:32,0
DA:33,0
DA:36,0
DA:37,0
DA:41,1
LF:17
LH:10
BRDA:19,0,0,2
BRDA:19,0,1,1
BRDA:19,1,0,3
BRDA:19,1,1,3
BRDA:30,2,0,0
BRDA:30,2,1,0
BRF:6
BRH:4
end_of_record
TN:
SF:C:\Users\wgaly\OneDrive\Desktop\Regressor\lib\logger.js
FN:12,_interopRequireDefault
FN:14,(anonymous_1)
FN:22,(anonymous_2)
FN:27,(anonymous_3)
FN:32,(anonymous_4)
FNF:5
FNH:2
FNDA:9,_interopRequireDefault
FNDA:0,(anonymous_1)
FNDA:56,(anonymous_2)
FNDA:0,(anonymous_3)
FNDA:0,(anonymous_4)
DA:3,9
DA:6,9
DA:8,9
DA:10,9
DA:12,9
DA:14,9
DA:15,0
DA:16,0
DA:17,0
DA:18,0
DA:21,9
DA:23,56
DA:24,56
DA:25,56
DA:28,0
DA:29,0
DA:30,0
DA:33,0
DA:34,0
DA:35,0
DA:38,9
LF:21
LH:11
BRDA:12,0,0,0
BRDA:12,0,1,9
BRDA:12,1,0,9
BRDA:12,1,1,9
BRDA:15,2,0,0
BRDA:15,2,1,0
BRF:6
BRH:3
end_of_record
TN:
SF:C:\Users\wgaly\OneDrive\Desktop\Regressor\lib\remoteActions.js
FN:24,_interopRequireDefault
FN:26,(anonymous_1)
FN:26,(anonymous_2)
FN:34,(anonymous_3)
FN:37,(anonymous_4)
FN:54,(anonymous_5)
FN:62,(anonymous_6)
FN:65,(anonymous_7)
FN:71,(anonymous_8)
FN:79,(anonymous_9)
FN:79,(anonymous_10)
FN:84,(anonymous_11)
FN:87,(anonymous_12)
FN:92,(anonymous_13)
FN:95,(anonymous_14)
FN:100,(anonymous_15)
FN:105,(anonymous_16)
FN:108,(anonymous_17)
FN:121,(anonymous_18)
FNF:19
FNH:3
FNDA:8,_interopRequireDefault
FNDA:2,(anonymous_1)
FNDA:2,(anonymous_2)
FNDA:0,(anonymous_3)
FNDA:0,(anonymous_4)
FNDA:0,(anonymous_5)
FNDA:0,(anonymous_6)
FNDA:0,(anonymous_7)
FNDA:0,(anonymous_8)
FNDA:0,(anonymous_9)
FNDA:0,(anonymous_10)
FNDA:0,(anonymous_11)
FNDA:0,(anonymous_12)
FNDA:0,(anonymous_13)
FNDA:0,(anonymous_14)
FNDA:0,(anonymous_15)
FNDA:0,(anonymous_16)
FNDA:0,(anonymous_17)
FNDA:0,(anonymous_18)
DA:3,2
DA:6,2
DA:8,2
DA:10,2
DA:12,2
DA:14,2
DA:16,2
DA:18,2
DA:20,2
DA:22,2
DA:24,8
DA:26,2
DA:27,2
DA:28,2
DA:29,2
DA:30,2
DA:31,2
DA:34,2
DA:35,0
DA:37,0
DA:38,0
DA:39,0
DA:41,0
DA:49,0
DA:50,0
DA:51,0
DA:54,0
DA:55,0
DA:56,0
DA:57,0
DA:62,2
DA:63,0
DA:65,0
DA:66,0
DA:67,0
DA:68,0
DA:69,0
DA:71,0
DA:72,0
DA:73,0
DA:74,0
DA:79,2
DA:80,0
DA:81,0
DA:82,0
DA:84,0
DA:85,0
DA:87,0
DA:88,0
DA:92,2
DA:93,0
DA:95,0
DA:96,0
DA:99,0
DA:100,0
DA:102,0
DA:103,0
DA:105,0
DA:106,0
DA:108,0
DA:109,0
DA:112,0
DA:114,0
DA:121,0
DA:122,0
DA:123,0
DA:125,0
DA:126,0
DA:131,0
DA:133,0
DA:137,2
DA:138,2
DA:139,2
DA:140,2
DA:141,2
LF:75
LH:26
BRDA:24,0,0,3
BRDA:24,0,1,5
BRDA:24,1,0,8
BRDA:24,1,1,8
BRDA:27,2,0,1
BRDA:27,2,1,1
BRDA:28,3,0,0
BRDA:28,3,1,2
BRDA:29,4,0,0
BRDA:29,4,1,2
BRDA:30,5,0,0
BRDA:30,5,1,2
BRDA:55,6,0,0
BRDA:55,6,1,0
BRDA:72,7,0,0
BRDA:72,7,1,0
BRDA:85,8,0,0
BRDA:85,8,1,0
BRDA:102,9,0,0
BRDA:102,9,1,0
BRDA:112,10,0,0
BRDA:112,10,1,0
BRDA:122,11,0,0
BRDA:122,11,1,0
BRDA:125,12,0,0
BRDA:125,12,1,0
BRF:26
BRH:9
end_of_record
TN:
SF:C:\Users\wgaly\OneDrive\Desktop\Regressor\lib\reporter.js
FN:11,_interopRequireDefault
FN:14,(anonymous_1)
FN:27,(anonymous_2)
FN:31,(anonymous_3)
FN:37,(anonymous_4)
FN:43,(anonymous_5)
FN:49,(anonymous_6)
FN:60,(anonymous_7)
FNF:8
FNH:8
FNDA:1,_interopRequireDefault
FNDA:6,(anonymous_1)
FNDA:17,(anonymous_2)
FNDA:3,(anonymous_3)
FNDA:3,(anonymous_4)
FNDA:2,(anonymous_5)
FNDA:2,(anonymous_6)
FNDA:1,(anonymous_7)
DA:3,1
DA:7,1
DA:9,1
DA:11,1
DA:15,6
DA:28,17
DA:32,3
DA:33,2
DA:34,2
DA:38,3
DA:39,2
DA:40,2
DA:44,2
DA:45,2
DA:46,2
DA:50,2
DA:58,2
DA:59,1
DA:60,1
DA:64,1
LF:20
LH:20
BRDA:11,0,0,1
BRDA:11,0,1,0
BRDA:11,1,0,1
BRDA:11,1,1,1
BRDA:32,2,0,1
BRDA:32,2,1,2
BRDA:38,3,0,1
BRDA:38,3,1,2
BRDA:45,4,0,1
BRDA:45,4,1,1
BRDA:58,5,0,1
BRDA:58,5,1,1
BRF:12
BRH:11
end_of_record
TN:
SF:C:\Users\wgaly\OneDrive\Desktop\Regressor\lib\snapshotter.js
FN:19,_interopRequireDefault
FN:22,(anonymous_1)
FN:56,(anonymous_2)
FN:60,(anonymous_3)
FN:68,(anonymous_4)
FNF:5
FNH:4
FNDA:6,_interopRequireDefault
FNDA:8,(anonymous_1)
FNDA:126,(anonymous_2)
FNDA:0,(anonymous_3)
FNDA:40,(anonymous_4)
DA:3,2
DA:7,2
DA:9,2
DA:11,2
DA:13,2
DA:15,2
DA:17,2
DA:19,6
DA:36,8
DA:37,8
DA:38,8
DA:39,8
DA:40,8
DA:41,8
DA:42,8
DA:43,8
DA:44,8
DA:45,8
DA:46,8
DA:47,8
DA:49,8
DA:51,8
DA:53,8
DA:57,126
DA:61,0
DA:62,0
DA:64,0
DA:69,40
DA:70,40
DA:71,40
DA:72,40
DA:74,40
DA:75,0
DA:76,0
DA:78,0
DA:81,0
DA:84,40
DA:85,0
DA:88,40
DA:89,0
DA:91,0
DA:92,0
DA:94,0
DA:98,40
DA:99,40
DA:101,40
DA:105,2
LF:47
LH:35
BRDA:19,0,0,4
BRDA:19,0,1,2
BRDA:19,1,0,6
BRDA:19,1,1,6
BRDA:27,2,0,8
BRDA:28,3,0,8
BRDA:29,4,0,4
BRDA:49,5,0,6
BRDA:49,5,1,2
BRDA:74,6,0,0
BRDA:74,6,1,40
BRDA:84,7,0,0
BRDA:84,7,1,40
BRDA:88,8,0,0
BRDA:88,8,1,40
BRF:15
BRH:12
end_of_record
TN:
SF:C:\Users\wgaly\OneDrive\Desktop\Regressor\lib\update-baseline-shots.js
FN:15,_interopRequireDefault
FN:17,(anonymous_1)
FN:17,(anonymous_2)
FNF:3
FNH:3
FNDA:2,_interopRequireDefault
FNDA:4,(anonymous_1)
FNDA:4,(anonymous_2)
DA:3,1
DA:7,1
DA:9,1
DA:11,1
DA:13,1
DA:15,2
DA:17,4
DA:18,4
DA:19,4
DA:21,4
DA:22,3
DA:23,3
DA:25,3
DA:27,3
DA:28,7
DA:29,7
DA:31,6
DA:34,2
DA:36,2
LF:19
LH:19
BRDA:15,0,0,1
BRDA:15,0,1,1
BRDA:15,1,0,2
BRDA:15,1,1,2
BRDA:18,2,0,1
BRDA:18,2,1,3
BRDA:19,3,0,1
BRDA:19,3,1,3
BRDA:23,4,0,1
BRDA:23,4,1,2
BRF:10
BRH:10
end_of_record
TN:
SF:C:\Users\wgaly\OneDrive\Desktop\Regressor\lib\updateBaselineShots.js
FN:15,_interopRequireDefault
FN:17,(anonymous_1)
FN:17,(anonymous_2)
FNF:3
FNH:3
FNDA:2,_interopRequireDefault
FNDA:4,(anonymous_1)
FNDA:4,(anonymous_2)
DA:3,1
DA:7,1
DA:9,1
DA:11,1
DA:13,1
DA:15,2
DA:17,4
DA:18,4
DA:19,4
DA:21,4
DA:22,3
DA:23,3
DA:25,3
DA:27,3
DA:28,7
DA:29,7
DA:31,6
DA:34,2
DA:36,2
LF:19
LH:19
BRDA:15,0,0,1
BRDA:15,0,1,1
BRDA:15,1,0,2
BRDA:15,1,1,2
BRDA:18,2,0,1
BRDA:18,2,1,3
BRDA:19,3,0,1
BRDA:19,3,1,3
BRDA:23,4,0,1
BRDA:23,4,1,2
BRF:10
BRH:10
end_of_record
